{"/Users/felruizrojas/fel-school/sanos&salvos/ms-soporte/src/controllers/chatbot.controller.ts": {"path":"/Users/felruizrojas/fel-school/sanos&salvos/ms-soporte/src/controllers/chatbot.controller.ts","statementMap":{"0":{"start":{"line":2,"column":0},"end":{"line":2,"column":62}},"1":{"start":{"line":3,"column":0},"end":{"line":3,"column":67}},"2":{"start":{"line":6,"column":25},"end":{"line":15,"column":1}},"3":{"start":{"line":7,"column":2},"end":{"line":14,"column":3}},"4":{"start":{"line":8,"column":25},"end":{"line":8,"column":33}},"5":{"start":{"line":9,"column":4},"end":{"line":9,"column":72}},"6":{"start":{"line":9,"column":21},"end":{"line":9,"column":62}},"7":{"start":{"line":9,"column":63},"end":{"line":9,"column":70}},"8":{"start":{"line":10,"column":22},"end":{"line":10,"column":69}},"9":{"start":{"line":11,"column":4},"end":{"line":11,"column":40}},"10":{"start":{"line":13,"column":4},"end":{"line":13,"column":36}},"11":{"start":{"line":6,"column":13},"end":{"line":6,"column":25}}},"fnMap":{"0":{"name":"(anonymous_9)","decl":{"start":{"line":6,"column":25},"end":{"line":6,"column":30}},"loc":{"start":{"line":6,"column":78},"end":{"line":15,"column":1}}}},"branchMap":{"0":{"loc":{"start":{"line":9,"column":4},"end":{"line":9,"column":72}},"type":"if","locations":[{"start":{"line":9,"column":4},"end":{"line":9,"column":72}},{"start":{},"end":{}}]}},"s":{"0":1,"1":1,"2":1,"3":3,"4":3,"5":3,"6":1,"7":1,"8":2,"9":1,"10":1,"11":1},"f":{"0":3},"b":{"0":[1,2]}}
,"/Users/felruizrojas/fel-school/sanos&salvos/ms-soporte/src/controllers/ticket.controller.ts": {"path":"/Users/felruizrojas/fel-school/sanos&salvos/ms-soporte/src/controllers/ticket.controller.ts","statementMap":{"0":{"start":{"line":2,"column":0},"end":{"line":2,"column":60}},"1":{"start":{"line":3,"column":0},"end":{"line":3,"column":67}},"2":{"start":{"line":6,"column":0},"end":{"line":6,"column":49}},"3":{"start":{"line":9,"column":27},"end":{"line":19,"column":1}},"4":{"start":{"line":10,"column":2},"end":{"line":18,"column":3}},"5":{"start":{"line":11,"column":19},"end":{"line":11,"column":31}},"6":{"start":{"line":12,"column":47},"end":{"line":12,"column":55}},"7":{"start":{"line":13,"column":4},"end":{"line":13,"column":124}},"8":{"start":{"line":13,"column":49},"end":{"line":13,"column":114}},"9":{"start":{"line":13,"column":115},"end":{"line":13,"column":122}},"10":{"start":{"line":14,"column":17},"end":{"line":14,"column":107}},"11":{"start":{"line":15,"column":4},"end":{"line":15,"column":36}},"12":{"start":{"line":17,"column":4},"end":{"line":17,"column":36}},"13":{"start":{"line":9,"column":13},"end":{"line":9,"column":27}},"14":{"start":{"line":22,"column":26},"end":{"line":30,"column":1}},"15":{"start":{"line":23,"column":2},"end":{"line":29,"column":3}},"16":{"start":{"line":24,"column":19},"end":{"line":24,"column":31}},"17":{"start":{"line":25,"column":17},"end":{"line":25,"column":55}},"18":{"start":{"line":26,"column":4},"end":{"line":26,"column":31}},"19":{"start":{"line":28,"column":4},"end":{"line":28,"column":36}},"20":{"start":{"line":22,"column":13},"end":{"line":22,"column":26}},"21":{"start":{"line":33,"column":25},"end":{"line":41,"column":1}},"22":{"start":{"line":34,"column":2},"end":{"line":40,"column":3}},"23":{"start":{"line":35,"column":21},"end":{"line":35,"column":44}},"24":{"start":{"line":36,"column":17},"end":{"line":36,"column":56}},"25":{"start":{"line":37,"column":4},"end":{"line":37,"column":31}},"26":{"start":{"line":39,"column":4},"end":{"line":39,"column":41}},"27":{"start":{"line":33,"column":13},"end":{"line":33,"column":25}},"28":{"start":{"line":44,"column":33},"end":{"line":55,"column":1}},"29":{"start":{"line":45,"column":2},"end":{"line":54,"column":3}},"30":{"start":{"line":46,"column":19},"end":{"line":46,"column":31}},"31":{"start":{"line":47,"column":21},"end":{"line":47,"column":44}},"32":{"start":{"line":48,"column":26},"end":{"line":48,"column":34}},"33":{"start":{"line":49,"column":4},"end":{"line":49,"column":74}},"34":{"start":{"line":49,"column":22},"end":{"line":49,"column":64}},"35":{"start":{"line":49,"column":65},"end":{"line":49,"column":72}},"36":{"start":{"line":50,"column":17},"end":{"line":50,"column":102}},"37":{"start":{"line":51,"column":4},"end":{"line":51,"column":36}},"38":{"start":{"line":53,"column":4},"end":{"line":53,"column":36}},"39":{"start":{"line":44,"column":13},"end":{"line":44,"column":33}},"40":{"start":{"line":58,"column":29},"end":{"line":66,"column":1}},"41":{"start":{"line":59,"column":2},"end":{"line":65,"column":3}},"42":{"start":{"line":60,"column":19},"end":{"line":60,"column":63}},"43":{"start":{"line":61,"column":17},"end":{"line":61,"column":58}},"44":{"start":{"line":62,"column":4},"end":{"line":62,"column":31}},"45":{"start":{"line":64,"column":4},"end":{"line":64,"column":36}},"46":{"start":{"line":58,"column":13},"end":{"line":58,"column":29}},"47":{"start":{"line":69,"column":29},"end":{"line":78,"column":1}},"48":{"start":{"line":70,"column":2},"end":{"line":77,"column":3}},"49":{"start":{"line":71,"column":20},"end":{"line":71,"column":32}},"50":{"start":{"line":72,"column":21},"end":{"line":72,"column":44}},"51":{"start":{"line":73,"column":17},"end":{"line":73,"column":69}},"52":{"start":{"line":74,"column":4},"end":{"line":74,"column":32}},"53":{"start":{"line":76,"column":4},"end":{"line":76,"column":36}},"54":{"start":{"line":69,"column":13},"end":{"line":69,"column":29}},"55":{"start":{"line":81,"column":31},"end":{"line":92,"column":1}},"56":{"start":{"line":82,"column":2},"end":{"line":91,"column":3}},"57":{"start":{"line":83,"column":20},"end":{"line":83,"column":32}},"58":{"start":{"line":84,"column":21},"end":{"line":84,"column":44}},"59":{"start":{"line":85,"column":26},"end":{"line":85,"column":34}},"60":{"start":{"line":86,"column":4},"end":{"line":86,"column":74}},"61":{"start":{"line":86,"column":22},"end":{"line":86,"column":64}},"62":{"start":{"line":86,"column":65},"end":{"line":86,"column":72}},"63":{"start":{"line":87,"column":17},"end":{"line":87,"column":82}},"64":{"start":{"line":88,"column":4},"end":{"line":88,"column":36}},"65":{"start":{"line":90,"column":4},"end":{"line":90,"column":36}},"66":{"start":{"line":81,"column":13},"end":{"line":81,"column":31}},"67":{"start":{"line":95,"column":32},"end":{"line":105,"column":1}},"68":{"start":{"line":96,"column":2},"end":{"line":104,"column":3}},"69":{"start":{"line":97,"column":21},"end":{"line":97,"column":44}},"70":{"start":{"line":98,"column":23},"end":{"line":98,"column":31}},"71":{"start":{"line":99,"column":4},"end":{"line":99,"column":68}},"72":{"start":{"line":99,"column":19},"end":{"line":99,"column":58}},"73":{"start":{"line":99,"column":59},"end":{"line":99,"column":66}},"74":{"start":{"line":100,"column":17},"end":{"line":100,"column":87}},"75":{"start":{"line":101,"column":4},"end":{"line":101,"column":32}},"76":{"start":{"line":103,"column":4},"end":{"line":103,"column":36}},"77":{"start":{"line":95,"column":13},"end":{"line":95,"column":32}},"78":{"start":{"line":107,"column":34},"end":{"line":121,"column":1}},"79":{"start":{"line":108,"column":2},"end":{"line":120,"column":3}},"80":{"start":{"line":109,"column":54},"end":{"line":109,"column":62}},"81":{"start":{"line":110,"column":4},"end":{"line":113,"column":5}},"82":{"start":{"line":111,"column":6},"end":{"line":111,"column":74}},"83":{"start":{"line":112,"column":6},"end":{"line":112,"column":13}},"84":{"start":{"line":114,"column":24},"end":{"line":114,"column":138}},"85":{"start":{"line":115,"column":4},"end":{"line":115,"column":104}},"86":{"start":{"line":115,"column":24},"end":{"line":115,"column":94}},"87":{"start":{"line":115,"column":95},"end":{"line":115,"column":102}},"88":{"start":{"line":116,"column":17},"end":{"line":116,"column":118}},"89":{"start":{"line":117,"column":4},"end":{"line":117,"column":36}},"90":{"start":{"line":119,"column":4},"end":{"line":119,"column":36}},"91":{"start":{"line":107,"column":13},"end":{"line":107,"column":34}}},"fnMap":{"0":{"name":"(anonymous_9)","decl":{"start":{"line":9,"column":27},"end":{"line":9,"column":32}},"loc":{"start":{"line":9,"column":84},"end":{"line":19,"column":1}}},"1":{"name":"(anonymous_10)","decl":{"start":{"line":22,"column":26},"end":{"line":22,"column":31}},"loc":{"start":{"line":22,"column":83},"end":{"line":30,"column":1}}},"2":{"name":"(anonymous_11)","decl":{"start":{"line":33,"column":25},"end":{"line":33,"column":30}},"loc":{"start":{"line":33,"column":82},"end":{"line":41,"column":1}}},"3":{"name":"(anonymous_12)","decl":{"start":{"line":44,"column":33},"end":{"line":44,"column":38}},"loc":{"start":{"line":44,"column":90},"end":{"line":55,"column":1}}},"4":{"name":"(anonymous_13)","decl":{"start":{"line":58,"column":29},"end":{"line":58,"column":34}},"loc":{"start":{"line":58,"column":86},"end":{"line":66,"column":1}}},"5":{"name":"(anonymous_14)","decl":{"start":{"line":69,"column":29},"end":{"line":69,"column":34}},"loc":{"start":{"line":69,"column":86},"end":{"line":78,"column":1}}},"6":{"name":"(anonymous_15)","decl":{"start":{"line":81,"column":31},"end":{"line":81,"column":36}},"loc":{"start":{"line":81,"column":88},"end":{"line":92,"column":1}}},"7":{"name":"(anonymous_16)","decl":{"start":{"line":95,"column":32},"end":{"line":95,"column":37}},"loc":{"start":{"line":95,"column":89},"end":{"line":105,"column":1}}},"8":{"name":"(anonymous_17)","decl":{"start":{"line":107,"column":34},"end":{"line":107,"column":39}},"loc":{"start":{"line":107,"column":87},"end":{"line":121,"column":1}}}},"branchMap":{"0":{"loc":{"start":{"line":13,"column":4},"end":{"line":13,"column":124}},"type":"if","locations":[{"start":{"line":13,"column":4},"end":{"line":13,"column":124}},{"start":{},"end":{}}]},"1":{"loc":{"start":{"line":13,"column":8},"end":{"line":13,"column":45}},"type":"binary-expr","locations":[{"start":{"line":13,"column":8},"end":{"line":13,"column":18}},{"start":{"line":13,"column":22},"end":{"line":13,"column":29}},{"start":{"line":13,"column":33},"end":{"line":13,"column":45}}]},"2":{"loc":{"start":{"line":49,"column":4},"end":{"line":49,"column":74}},"type":"if","locations":[{"start":{"line":49,"column":4},"end":{"line":49,"column":74}},{"start":{},"end":{}}]},"3":{"loc":{"start":{"line":86,"column":4},"end":{"line":86,"column":74}},"type":"if","locations":[{"start":{"line":86,"column":4},"end":{"line":86,"column":74}},{"start":{},"end":{}}]},"4":{"loc":{"start":{"line":99,"column":4},"end":{"line":99,"column":68}},"type":"if","locations":[{"start":{"line":99,"column":4},"end":{"line":99,"column":68}},{"start":{},"end":{}}]},"5":{"loc":{"start":{"line":110,"column":4},"end":{"line":113,"column":5}},"type":"if","locations":[{"start":{"line":110,"column":4},"end":{"line":113,"column":5}},{"start":{},"end":{}}]},"6":{"loc":{"start":{"line":110,"column":8},"end":{"line":110,"column":44}},"type":"binary-expr","locations":[{"start":{"line":110,"column":8},"end":{"line":110,"column":14}},{"start":{"line":110,"column":18},"end":{"line":110,"column":28}},{"start":{"line":110,"column":32},"end":{"line":110,"column":44}}]},"7":{"loc":{"start":{"line":114,"column":24},"end":{"line":114,"column":138}},"type":"binary-expr","locations":[{"start":{"line":114,"column":24},"end":{"line":114,"column":30}},{"start":{"line":114,"column":35},"end":{"line":114,"column":137}}]},"8":{"loc":{"start":{"line":114,"column":35},"end":{"line":114,"column":137}},"type":"cond-expr","locations":[{"start":{"line":114,"column":58},"end":{"line":114,"column":60}},{"start":{"line":114,"column":63},"end":{"line":114,"column":137}}]},"9":{"loc":{"start":{"line":114,"column":63},"end":{"line":114,"column":137}},"type":"cond-expr","locations":[{"start":{"line":114,"column":98},"end":{"line":114,"column":116}},{"start":{"line":114,"column":119},"end":{"line":114,"column":137}}]},"10":{"loc":{"start":{"line":115,"column":4},"end":{"line":115,"column":104}},"type":"if","locations":[{"start":{"line":115,"column":4},"end":{"line":115,"column":104}},{"start":{},"end":{}}]}},"s":{"0":1,"1":1,"2":1,"3":1,"4":3,"5":3,"6":3,"7":3,"8":1,"9":1,"10":2,"11":1,"12":1,"13":1,"14":1,"15":2,"16":2,"17":2,"18":1,"19":1,"20":1,"21":1,"22":2,"23":2,"24":2,"25":1,"26":1,"27":1,"28":1,"29":3,"30":3,"31":3,"32":3,"33":3,"34":1,"35":1,"36":2,"37":1,"38":1,"39":1,"40":1,"41":3,"42":3,"43":3,"44":2,"45":1,"46":1,"47":1,"48":2,"49":2,"50":2,"51":2,"52":1,"53":1,"54":1,"55":1,"56":3,"57":3,"58":3,"59":3,"60":3,"61":1,"62":1,"63":2,"64":1,"65":1,"66":1,"67":1,"68":3,"69":3,"70":3,"71":3,"72":1,"73":1,"74":2,"75":1,"76":1,"77":1,"78":1,"79":6,"80":6,"81":6,"82":1,"83":1,"84":5,"85":5,"86":1,"87":1,"88":4,"89":3,"90":1,"91":1},"f":{"0":3,"1":2,"2":2,"3":3,"4":3,"5":2,"6":3,"7":3,"8":6},"b":{"0":[1,2],"1":[3,2,2],"2":[1,2],"3":[1,2],"4":[1,2],"5":[1,5],"6":[6,6,5],"7":[5,4],"8":[1,3],"9":[2,1],"10":[1,4]}}
,"/Users/felruizrojas/fel-school/sanos&salvos/ms-soporte/src/middlewares/errorHandler.ts": {"path":"/Users/felruizrojas/fel-school/sanos&salvos/ms-soporte/src/middlewares/errorHandler.ts","statementMap":{"0":{"start":{"line":3,"column":28},"end":{"line":6,"column":1}},"1":{"start":{"line":4,"column":2},"end":{"line":4,"column":27}},"2":{"start":{"line":5,"column":2},"end":{"line":5,"column":77}},"3":{"start":{"line":3,"column":13},"end":{"line":3,"column":28}}},"fnMap":{"0":{"name":"(anonymous_0)","decl":{"start":{"line":3,"column":28},"end":{"line":3,"column":29}},"loc":{"start":{"line":3,"column":94},"end":{"line":6,"column":1}}}},"branchMap":{},"s":{"0":1,"1":1,"2":1,"3":1},"f":{"0":1},"b":{}}
,"/Users/felruizrojas/fel-school/sanos&salvos/ms-soporte/src/middlewares/notFound.ts": {"path":"/Users/felruizrojas/fel-school/sanos&salvos/ms-soporte/src/middlewares/notFound.ts","statementMap":{"0":{"start":{"line":3,"column":24},"end":{"line":5,"column":1}},"1":{"start":{"line":4,"column":2},"end":{"line":4,"column":69}},"2":{"start":{"line":3,"column":13},"end":{"line":3,"column":24}}},"fnMap":{"0":{"name":"(anonymous_0)","decl":{"start":{"line":3,"column":24},"end":{"line":3,"column":25}},"loc":{"start":{"line":3,"column":57},"end":{"line":5,"column":1}}}},"branchMap":{},"s":{"0":1,"1":1,"2":1},"f":{"0":1},"b":{}}
,"/Users/felruizrojas/fel-school/sanos&salvos/ms-soporte/src/middlewares/verifyToken.ts": {"path":"/Users/felruizrojas/fel-school/sanos&salvos/ms-soporte/src/middlewares/verifyToken.ts","statementMap":{"0":{"start":{"line":2,"column":0},"end":{"line":2,"column":31}},"1":{"start":{"line":8,"column":27},"end":{"line":26,"column":1}},"2":{"start":{"line":9,"column":21},"end":{"line":9,"column":49}},"3":{"start":{"line":10,"column":16},"end":{"line":10,"column":54}},"4":{"start":{"line":12,"column":2},"end":{"line":15,"column":3}},"5":{"start":{"line":13,"column":4},"end":{"line":13,"column":68}},"6":{"start":{"line":14,"column":4},"end":{"line":14,"column":11}},"7":{"start":{"line":17,"column":2},"end":{"line":25,"column":3}},"8":{"start":{"line":18,"column":20},"end":{"line":18,"column":null}},"9":{"start":{"line":21,"column":4},"end":{"line":21,"column":23}},"10":{"start":{"line":22,"column":4},"end":{"line":22,"column":11}},"11":{"start":{"line":24,"column":4},"end":{"line":24,"column":78}},"12":{"start":{"line":8,"column":13},"end":{"line":8,"column":27}},"13":{"start":{"line":28,"column":25},"end":{"line":35,"column":1}},"14":{"start":{"line":29,"column":26},"end":{"line":29,"column":57}},"15":{"start":{"line":30,"column":2},"end":{"line":33,"column":3}},"16":{"start":{"line":31,"column":4},"end":{"line":31,"column":68}},"17":{"start":{"line":32,"column":4},"end":{"line":32,"column":11}},"18":{"start":{"line":34,"column":2},"end":{"line":34,"column":9}},"19":{"start":{"line":28,"column":13},"end":{"line":28,"column":25}}},"fnMap":{"0":{"name":"(anonymous_1)","decl":{"start":{"line":8,"column":27},"end":{"line":8,"column":28}},"loc":{"start":{"line":8,"column":89},"end":{"line":26,"column":1}}},"1":{"name":"(anonymous_2)","decl":{"start":{"line":28,"column":25},"end":{"line":28,"column":26}},"loc":{"start":{"line":28,"column":87},"end":{"line":35,"column":1}}}},"branchMap":{"0":{"loc":{"start":{"line":10,"column":16},"end":{"line":10,"column":54}},"type":"binary-expr","locations":[{"start":{"line":10,"column":16},"end":{"line":10,"column":26}},{"start":{"line":10,"column":30},"end":{"line":10,"column":54}}]},"1":{"loc":{"start":{"line":12,"column":2},"end":{"line":15,"column":3}},"type":"if","locations":[{"start":{"line":12,"column":2},"end":{"line":15,"column":3}},{"start":{},"end":{}}]},"2":{"loc":{"start":{"line":30,"column":2},"end":{"line":33,"column":3}},"type":"if","locations":[{"start":{"line":30,"column":2},"end":{"line":33,"column":3}},{"start":{},"end":{}}]},"3":{"loc":{"start":{"line":30,"column":6},"end":{"line":30,"column":59}},"type":"binary-expr","locations":[{"start":{"line":30,"column":6},"end":{"line":30,"column":15}},{"start":{"line":30,"column":19},"end":{"line":30,"column":59}}]}},"s":{"0":1,"1":1,"2":3,"3":3,"4":3,"5":1,"6":1,"7":2,"8":2,"9":1,"10":1,"11":1,"12":1,"13":1,"14":4,"15":4,"16":2,"17":2,"18":2,"19":1},"f":{"0":3,"1":4},"b":{"0":[3,2],"1":[1,2],"2":[2,2],"3":[4,3]}}
,"/Users/felruizrojas/fel-school/sanos&salvos/ms-soporte/src/services/chatbot.service.ts": {"path":"/Users/felruizrojas/fel-school/sanos&salvos/ms-soporte/src/services/chatbot.service.ts","statementMap":{"0":{"start":{"line":1,"column":0},"end":{"line":1,"column":28}},"1":{"start":{"line":3,"column":13},"end":{"line":3,"column":59}},"2":{"start":{"line":5,"column":25},"end":{"line":20,"column":64}},"3":{"start":{"line":22,"column":32},"end":{"line":34,"column":1}},"4":{"start":{"line":23,"column":21},"end":{"line":31,"column":4}},"5":{"start":{"line":33,"column":2},"end":{"line":33,"column":122}},"6":{"start":{"line":22,"column":13},"end":{"line":22,"column":32}}},"fnMap":{"0":{"name":"(anonymous_1)","decl":{"start":{"line":22,"column":32},"end":{"line":22,"column":37}},"loc":{"start":{"line":22,"column":76},"end":{"line":34,"column":1}}}},"branchMap":{"0":{"loc":{"start":{"line":33,"column":9},"end":{"line":33,"column":121}},"type":"binary-expr","locations":[{"start":{"line":33,"column":9},"end":{"line":33,"column":48}},{"start":{"line":33,"column":52},"end":{"line":33,"column":121}}]}},"s":{"0":2,"1":2,"2":2,"3":2,"4":3,"5":3,"6":2},"f":{"0":3},"b":{"0":[3,2]}}
,"/Users/felruizrojas/fel-school/sanos&salvos/ms-soporte/src/services/ticket.service.ts": {"path":"/Users/felruizrojas/fel-school/sanos&salvos/ms-soporte/src/services/ticket.service.ts","statementMap":{"0":{"start":{"line":1,"column":0},"end":{"line":1,"column":26}},"1":{"start":{"line":2,"column":0},"end":{"line":2,"column":45}},"2":{"start":{"line":3,"column":0},"end":{"line":3,"column":73}},"3":{"start":{"line":4,"column":0},"end":{"line":4,"column":61}},"4":{"start":{"line":6,"column":19},"end":{"line":6,"column":60}},"5":{"start":{"line":6,"column":25},"end":{"line":6,"column":60}},"6":{"start":{"line":7,"column":23},"end":{"line":7,"column":68}},"7":{"start":{"line":7,"column":29},"end":{"line":7,"column":68}},"8":{"start":{"line":10,"column":27},"end":{"line":18,"column":1}},"9":{"start":{"line":16,"column":17},"end":{"line":16,"column":89}},"10":{"start":{"line":17,"column":2},"end":{"line":17,"column":35}},"11":{"start":{"line":10,"column":13},"end":{"line":10,"column":27}},"12":{"start":{"line":21,"column":26},"end":{"line":27,"column":1}},"13":{"start":{"line":22,"column":2},"end":{"line":26,"column":5}},"14":{"start":{"line":21,"column":13},"end":{"line":21,"column":26}},"15":{"start":{"line":30,"column":33},"end":{"line":42,"column":1}},"16":{"start":{"line":36,"column":17},"end":{"line":36,"column":72}},"17":{"start":{"line":37,"column":2},"end":{"line":37,"column":55}},"18":{"start":{"line":37,"column":15},"end":{"line":37,"column":55}},"19":{"start":{"line":38,"column":2},"end":{"line":38,"column":104}},"20":{"start":{"line":38,"column":46},"end":{"line":38,"column":104}},"21":{"start":{"line":40,"column":21},"end":{"line":40,"column":109}},"22":{"start":{"line":41,"column":2},"end":{"line":41,"column":43}},"23":{"start":{"line":30,"column":13},"end":{"line":30,"column":33}},"24":{"start":{"line":45,"column":29},"end":{"line":52,"column":1}},"25":{"start":{"line":46,"column":16},"end":{"line":46,"column":40}},"26":{"start":{"line":47,"column":2},"end":{"line":51,"column":5}},"27":{"start":{"line":45,"column":13},"end":{"line":45,"column":29}},"28":{"start":{"line":55,"column":29},"end":{"line":64,"column":1}},"29":{"start":{"line":56,"column":17},"end":{"line":56,"column":72}},"30":{"start":{"line":57,"column":2},"end":{"line":57,"column":55}},"31":{"start":{"line":57,"column":15},"end":{"line":57,"column":55}},"32":{"start":{"line":59,"column":2},"end":{"line":62,"column":5}},"33":{"start":{"line":63,"column":2},"end":{"line":63,"column":87}},"34":{"start":{"line":55,"column":13},"end":{"line":55,"column":29}},"35":{"start":{"line":67,"column":31},"end":{"line":69,"column":1}},"36":{"start":{"line":68,"column":2},"end":{"line":68,"column":82}},"37":{"start":{"line":67,"column":13},"end":{"line":67,"column":31}},"38":{"start":{"line":72,"column":32},"end":{"line":78,"column":1}},"39":{"start":{"line":73,"column":17},"end":{"line":73,"column":72}},"40":{"start":{"line":74,"column":2},"end":{"line":74,"column":55}},"41":{"start":{"line":74,"column":15},"end":{"line":74,"column":55}},"42":{"start":{"line":76,"column":2},"end":{"line":76,"column":58}},"43":{"start":{"line":77,"column":2},"end":{"line":77,"column":87}},"44":{"start":{"line":72,"column":13},"end":{"line":72,"column":32}},"45":{"start":{"line":81,"column":25},"end":{"line":88,"column":1}},"46":{"start":{"line":82,"column":17},"end":{"line":85,"column":4}},"47":{"start":{"line":86,"column":2},"end":{"line":86,"column":55}},"48":{"start":{"line":86,"column":15},"end":{"line":86,"column":55}},"49":{"start":{"line":87,"column":2},"end":{"line":87,"column":16}},"50":{"start":{"line":81,"column":13},"end":{"line":81,"column":25}},"51":{"start":{"line":90,"column":34},"end":{"line":119,"column":1}},"52":{"start":{"line":96,"column":30},"end":{"line":96,"column":34}},"53":{"start":{"line":98,"column":2},"end":{"line":109,"column":3}},"54":{"start":{"line":99,"column":20},"end":{"line":99,"column":70}},"55":{"start":{"line":100,"column":19},"end":{"line":100,"column":53}},"56":{"start":{"line":101,"column":17},"end":{"line":104,"column":null}},"57":{"start":{"line":106,"column":4},"end":{"line":106,"column":41}},"58":{"start":{"line":111,"column":17},"end":{"line":117,"column":4}},"59":{"start":{"line":118,"column":2},"end":{"line":118,"column":35}},"60":{"start":{"line":90,"column":13},"end":{"line":90,"column":34}}},"fnMap":{"0":{"name":"(anonymous_1)","decl":{"start":{"line":6,"column":19},"end":{"line":6,"column":22}},"loc":{"start":{"line":6,"column":25},"end":{"line":6,"column":60}}},"1":{"name":"(anonymous_2)","decl":{"start":{"line":7,"column":23},"end":{"line":7,"column":26}},"loc":{"start":{"line":7,"column":29},"end":{"line":7,"column":68}}},"2":{"name":"(anonymous_3)","decl":{"start":{"line":10,"column":27},"end":{"line":10,"column":32}},"loc":{"start":{"line":15,"column":4},"end":{"line":18,"column":1}}},"3":{"name":"(anonymous_4)","decl":{"start":{"line":21,"column":26},"end":{"line":21,"column":31}},"loc":{"start":{"line":21,"column":51},"end":{"line":27,"column":1}}},"4":{"name":"(anonymous_5)","decl":{"start":{"line":30,"column":33},"end":{"line":30,"column":38}},"loc":{"start":{"line":35,"column":4},"end":{"line":42,"column":1}}},"5":{"name":"(anonymous_6)","decl":{"start":{"line":45,"column":29},"end":{"line":45,"column":34}},"loc":{"start":{"line":45,"column":61},"end":{"line":52,"column":1}}},"6":{"name":"(anonymous_7)","decl":{"start":{"line":55,"column":29},"end":{"line":55,"column":34}},"loc":{"start":{"line":55,"column":73},"end":{"line":64,"column":1}}},"7":{"name":"(anonymous_8)","decl":{"start":{"line":67,"column":31},"end":{"line":67,"column":36}},"loc":{"start":{"line":67,"column":94},"end":{"line":69,"column":1}}},"8":{"name":"(anonymous_9)","decl":{"start":{"line":72,"column":32},"end":{"line":72,"column":37}},"loc":{"start":{"line":72,"column":81},"end":{"line":78,"column":1}}},"9":{"name":"(anonymous_10)","decl":{"start":{"line":81,"column":25},"end":{"line":81,"column":30}},"loc":{"start":{"line":81,"column":52},"end":{"line":88,"column":1}}},"10":{"name":"(anonymous_11)","decl":{"start":{"line":90,"column":34},"end":{"line":90,"column":39}},"loc":{"start":{"line":95,"column":4},"end":{"line":119,"column":1}}}},"branchMap":{"0":{"loc":{"start":{"line":37,"column":2},"end":{"line":37,"column":55}},"type":"if","locations":[{"start":{"line":37,"column":2},"end":{"line":37,"column":55}},{"start":{},"end":{}}]},"1":{"loc":{"start":{"line":38,"column":2},"end":{"line":38,"column":104}},"type":"if","locations":[{"start":{"line":38,"column":2},"end":{"line":38,"column":104}},{"start":{},"end":{}}]},"2":{"loc":{"start":{"line":46,"column":16},"end":{"line":46,"column":40}},"type":"cond-expr","locations":[{"start":{"line":46,"column":25},"end":{"line":46,"column":35}},{"start":{"line":46,"column":38},"end":{"line":46,"column":40}}]},"3":{"loc":{"start":{"line":57,"column":2},"end":{"line":57,"column":55}},"type":"if","locations":[{"start":{"line":57,"column":2},"end":{"line":57,"column":55}},{"start":{},"end":{}}]},"4":{"loc":{"start":{"line":74,"column":2},"end":{"line":74,"column":55}},"type":"if","locations":[{"start":{"line":74,"column":2},"end":{"line":74,"column":55}},{"start":{},"end":{}}]},"5":{"loc":{"start":{"line":86,"column":2},"end":{"line":86,"column":55}},"type":"if","locations":[{"start":{"line":86,"column":2},"end":{"line":86,"column":55}},{"start":{},"end":{}}]},"6":{"loc":{"start":{"line":99,"column":20},"end":{"line":99,"column":70}},"type":"binary-expr","locations":[{"start":{"line":99,"column":20},"end":{"line":99,"column":43}},{"start":{"line":99,"column":47},"end":{"line":99,"column":70}}]},"7":{"loc":{"start":{"line":100,"column":19},"end":{"line":100,"column":53}},"type":"binary-expr","locations":[{"start":{"line":100,"column":19},"end":{"line":100,"column":47}},{"start":{"line":100,"column":51},"end":{"line":100,"column":53}}]},"8":{"loc":{"start":{"line":106,"column":13},"end":{"line":106,"column":40}},"type":"binary-expr","locations":[{"start":{"line":106,"column":13},"end":{"line":106,"column":32}},{"start":{"line":106,"column":36},"end":{"line":106,"column":40}}]},"9":{"loc":{"start":{"line":112,"column":13},"end":{"line":112,"column":32}},"type":"binary-expr","locations":[{"start":{"line":112,"column":13},"end":{"line":112,"column":19}},{"start":{"line":112,"column":23},"end":{"line":112,"column":32}}]}},"s":{"0":2,"1":2,"2":2,"3":2,"4":2,"5":25,"6":2,"7":4,"8":2,"9":1,"10":1,"11":2,"12":2,"13":1,"14":2,"15":2,"16":4,"17":4,"18":1,"19":3,"20":1,"21":2,"22":2,"23":2,"24":2,"25":2,"26":2,"27":2,"28":2,"29":2,"30":2,"31":1,"32":1,"33":1,"34":2,"35":2,"36":1,"37":2,"38":2,"39":2,"40":2,"41":1,"42":1,"43":1,"44":2,"45":2,"46":2,"47":2,"48":1,"49":1,"50":2,"51":2,"52":3,"53":3,"54":3,"55":3,"56":3,"57":2,"58":3,"59":3,"60":2},"f":{"0":25,"1":4,"2":1,"3":1,"4":4,"5":2,"6":2,"7":1,"8":2,"9":2,"10":3},"b":{"0":[1,3],"1":[1,2],"2":[1,1],"3":[1,1],"4":[1,1],"5":[1,1],"6":[3,0],"7":[3,0],"8":[2,1],"9":[3,2]}}
,"/Users/felruizrojas/fel-school/sanos&salvos/ms-soporte/src/utils/response.ts": {"path":"/Users/felruizrojas/fel-school/sanos&salvos/ms-soporte/src/utils/response.ts","statementMap":{"0":{"start":{"line":3,"column":31},"end":{"line":5,"column":1}},"1":{"start":{"line":4,"column":2},"end":{"line":4,"column":53}},"2":{"start":{"line":3,"column":13},"end":{"line":3,"column":31}},"3":{"start":{"line":7,"column":29},"end":{"line":9,"column":1}},"4":{"start":{"line":8,"column":2},"end":{"line":8,"column":57}},"5":{"start":{"line":7,"column":13},"end":{"line":7,"column":29}}},"fnMap":{"0":{"name":"(anonymous_0)","decl":{"start":{"line":3,"column":31},"end":{"line":3,"column":32}},"loc":{"start":{"line":3,"column":77},"end":{"line":5,"column":1}}},"1":{"name":"(anonymous_1)","decl":{"start":{"line":7,"column":29},"end":{"line":7,"column":30}},"loc":{"start":{"line":7,"column":78},"end":{"line":9,"column":1}}}},"branchMap":{"0":{"loc":{"start":{"line":3,"column":61},"end":{"line":3,"column":73}},"type":"default-arg","locations":[{"start":{"line":3,"column":70},"end":{"line":3,"column":73}}]},"1":{"loc":{"start":{"line":7,"column":62},"end":{"line":7,"column":74}},"type":"default-arg","locations":[{"start":{"line":7,"column":71},"end":{"line":7,"column":74}}]}},"s":{"0":3,"1":15,"2":3,"3":3,"4":19,"5":3},"f":{"0":15,"1":19},"b":{"0":[8],"1":[17]}}
}
