TN:
SF:src\controllers\chatbot.controller.ts
FN:6,(anonymous_9)
FNF:1
FNH:1
FNDA:3,(anonymous_9)
DA:2,1
DA:3,1
DA:6,1
DA:7,3
DA:8,3
DA:9,3
DA:10,2
DA:11,1
DA:13,1
LF:9
LH:9
BRDA:9,0,0,1
BRDA:9,0,1,2
BRF:2
BRH:2
end_of_record
TN:
SF:src\controllers\ticket.controller.ts
FN:10,(anonymous_9)
FN:25,(anonymous_10)
FN:36,(anonymous_11)
FN:47,(anonymous_12)
FN:62,(anonymous_13)
FN:73,(anonymous_14)
FN:85,(anonymous_15)
FN:100,(anonymous_16)
FN:112,(anonymous_17)
FN:122,(anonymous_18)
FNF:10
FNH:10
FNDA:6,(anonymous_9)
FNDA:2,(anonymous_10)
FNDA:2,(anonymous_11)
FNDA:3,(anonymous_12)
FNDA:3,(anonymous_13)
FNDA:2,(anonymous_14)
FNDA:3,(anonymous_15)
FNDA:3,(anonymous_16)
FNDA:2,(anonymous_17)
FNDA:6,(anonymous_18)
DA:2,1
DA:3,1
DA:6,1
DA:7,1
DA:10,1
DA:11,6
DA:12,6
DA:13,6
DA:14,6
DA:15,5
DA:16,5
DA:17,4
DA:18,3
DA:20,1
DA:25,1
DA:26,2
DA:27,2
DA:28,2
DA:29,1
DA:31,1
DA:36,1
DA:37,2
DA:38,2
DA:39,2
DA:40,1
DA:42,1
DA:47,1
DA:48,3
DA:49,3
DA:50,3
DA:51,3
DA:52,3
DA:53,2
DA:54,1
DA:55,1
DA:57,1
DA:62,1
DA:63,3
DA:64,3
DA:65,3
DA:66,2
DA:68,1
DA:73,1
DA:74,2
DA:75,2
DA:76,2
DA:77,2
DA:78,1
DA:80,1
DA:85,1
DA:86,3
DA:87,3
DA:88,3
DA:89,3
DA:90,3
DA:91,2
DA:92,1
DA:93,1
DA:95,1
DA:100,1
DA:101,3
DA:102,3
DA:103,3
DA:104,3
DA:105,2
DA:106,1
DA:108,1
DA:112,1
DA:113,2
DA:114,2
DA:115,1
DA:117,1
DA:122,1
DA:123,6
DA:124,6
DA:125,6
DA:126,1
DA:127,1
DA:129,5
DA:130,5
DA:131,4
DA:132,3
DA:134,1
LF:83
LH:83
BRDA:14,0,0,1
BRDA:14,0,1,5
BRDA:14,1,0,6
BRDA:14,1,1,5
BRDA:15,2,0,5
BRDA:15,2,1,3
BRDA:15,3,0,1
BRDA:15,3,1,2
BRDA:15,4,0,1
BRDA:15,4,1,1
BRDA:16,5,0,1
BRDA:16,5,1,4
BRDA:52,6,0,1
BRDA:52,6,1,2
BRDA:90,7,0,1
BRDA:90,7,1,2
BRDA:104,8,0,1
BRDA:104,8,1,2
BRDA:125,9,0,1
BRDA:125,9,1,5
BRDA:125,10,0,6
BRDA:125,10,1,6
BRDA:125,10,2,5
BRDA:129,11,0,5
BRDA:129,11,1,4
BRDA:129,12,0,1
BRDA:129,12,1,3
BRDA:129,13,0,2
BRDA:129,13,1,1
BRDA:130,14,0,1
BRDA:130,14,1,4
BRF:31
BRH:31
end_of_record
TN:
SF:src\middlewares\errorHandler.ts
FN:3,(anonymous_0)
FNF:1
FNH:1
FNDA:1,(anonymous_0)
DA:3,1
DA:4,1
DA:5,1
LF:3
LH:3
BRF:0
BRH:0
end_of_record
TN:
SF:src\middlewares\notFound.ts
FN:3,(anonymous_0)
FNF:1
FNH:1
FNDA:1,(anonymous_0)
DA:3,1
DA:4,1
LF:2
LH:2
BRF:0
BRH:0
end_of_record
TN:
SF:src\middlewares\verifyToken.ts
FN:8,(anonymous_1)
FN:28,(anonymous_2)
FNF:2
FNH:2
FNDA:3,(anonymous_1)
FNDA:4,(anonymous_2)
DA:2,1
DA:8,1
DA:9,3
DA:10,3
DA:12,3
DA:13,1
DA:14,1
DA:17,2
DA:18,2
DA:21,1
DA:22,1
DA:24,1
DA:28,1
DA:29,4
DA:30,4
DA:31,2
DA:32,2
DA:34,2
LF:18
LH:18
BRDA:10,0,0,3
BRDA:10,0,1,2
BRDA:12,1,0,1
BRDA:12,1,1,2
BRDA:30,2,0,2
BRDA:30,2,1,2
BRDA:30,3,0,4
BRDA:30,3,1,3
BRF:8
BRH:8
end_of_record
TN:
SF:src\services\chatbot.service.ts
FN:9,(anonymous_1)
FNF:1
FNH:1
FNDA:3,(anonymous_1)
DA:1,2
DA:2,2
DA:9,2
DA:10,3
DA:11,3
DA:12,3
DA:14,3
DA:16,3
DA:17,3
DA:19,3
DA:20,42
DA:21,42
DA:22,246
DA:23,246
DA:24,3
DA:28,42
DA:29,2
DA:30,2
DA:34,3
DA:35,2
DA:38,1
LF:21
LH:21
BRDA:23,0,0,3
BRDA:23,0,1,243
BRDA:28,1,0,2
BRDA:28,1,1,40
BRDA:34,2,0,2
BRDA:34,2,1,1
BRDA:34,3,0,3
BRDA:34,3,1,2
BRF:8
BRH:8
end_of_record
TN:
SF:src\services\ticket.service.ts
FN:7,(anonymous_1)
FN:8,(anonymous_2)
FN:11,(anonymous_3)
FN:22,(anonymous_4)
FN:31,(anonymous_5)
FN:46,(anonymous_6)
FN:56,(anonymous_7)
FN:68,(anonymous_8)
FN:87,(anonymous_9)
FN:96,(anonymous_10)
FN:113,(anonymous_11)
FN:116,(anonymous_12)
FN:121,(anonymous_13)
FN:122,(anonymous_14)
FN:132,(anonymous_15)
FN:141,(anonymous_16)
FNF:16
FNH:16
FNDA:35,(anonymous_1)
FNDA:10,(anonymous_2)
FNDA:1,(anonymous_3)
FNDA:1,(anonymous_4)
FNDA:7,(anonymous_5)
FNDA:2,(anonymous_6)
FNDA:2,(anonymous_7)
FNDA:5,(anonymous_8)
FNDA:2,(anonymous_9)
FNDA:1,(anonymous_10)
FNDA:2,(anonymous_11)
FNDA:1,(anonymous_12)
FNDA:4,(anonymous_13)
FNDA:3,(anonymous_14)
FNDA:2,(anonymous_15)
FNDA:4,(anonymous_16)
DA:1,2
DA:2,2
DA:3,2
DA:4,2
DA:5,2
DA:7,35
DA:8,10
DA:11,2
DA:17,1
DA:18,1
DA:22,2
DA:23,1
DA:31,2
DA:37,7
DA:38,7
DA:39,6
DA:41,5
DA:42,5
DA:46,2
DA:47,2
DA:48,2
DA:56,2
DA:57,2
DA:58,2
DA:60,1
DA:64,1
DA:68,2
DA:69,5
DA:70,5
DA:72,4
DA:75,4
DA:76,2
DA:77,2
DA:83,4
DA:87,2
DA:88,2
DA:89,2
DA:91,1
DA:92,1
DA:96,2
DA:97,1
DA:98,1
DA:99,1
DA:101,1
DA:112,1
DA:113,2
DA:115,1
DA:116,1
DA:119,1
DA:121,4
DA:122,3
DA:132,2
DA:133,2
DA:137,2
DA:138,1
DA:141,2
DA:147,4
DA:149,4
DA:150,4
DA:151,4
DA:152,4
DA:157,3
DA:162,4
DA:169,4
LF:64
LH:64
BRDA:38,0,0,1
BRDA:38,0,1,6
BRDA:39,1,0,1
BRDA:39,1,1,5
BRDA:47,2,0,1
BRDA:47,2,1,1
BRDA:58,3,0,1
BRDA:58,3,1,1
BRDA:70,4,0,1
BRDA:70,4,1,4
BRDA:75,5,0,2
BRDA:75,5,1,2
BRDA:75,6,0,4
BRDA:75,6,1,3
BRDA:89,7,0,1
BRDA:89,7,1,1
BRDA:121,8,0,4
BRDA:121,8,1,2
BRDA:122,9,0,3
BRDA:122,9,1,2
BRDA:137,10,0,1
BRDA:137,10,1,1
BRDA:150,11,0,4
BRDA:150,11,1,1
BRDA:151,12,0,4
BRDA:151,12,1,1
BRDA:157,13,0,3
BRDA:157,13,1,1
BRDA:163,14,0,4
BRDA:163,14,1,2
BRF:30
BRH:30
end_of_record
TN:
SF:src\socket\io.ts
FN:5,setIo
FN:9,getIo
FNF:2
FNH:2
FNDA:1,setIo
FNDA:2,getIo
DA:3,1
DA:5,1
DA:6,1
DA:9,1
DA:10,2
LF:5
LH:5
BRF:0
BRH:0
end_of_record
TN:
SF:src\socket\ticketHandler.ts
FN:6,setupTicketSocket
FN:7,(anonymous_2)
FN:21,(anonymous_3)
FN:22,(anonymous_4)
FN:26,(anonymous_5)
FNF:5
FNH:5
FNDA:6,setupTicketSocket
FNDA:4,(anonymous_2)
FNDA:2,(anonymous_3)
FNDA:1,(anonymous_4)
FNDA:1,(anonymous_5)
DA:2,1
DA:6,1
DA:7,6
DA:9,4
DA:11,4
DA:12,3
DA:13,3
DA:14,2
DA:15,2
DA:17,1
DA:21,6
DA:22,2
DA:23,1
DA:26,2
DA:27,1
LF:15
LH:15
BRDA:9,0,0,4
BRDA:9,0,1,2
BRDA:11,1,0,1
BRDA:11,1,1,3
BRF:4
BRH:4
end_of_record
TN:
SF:src\utils\email.ts
FN:3,(anonymous_0)
FNF:1
FNH:1
FNDA:1,(anonymous_0)
DA:1,3
DA:3,3
DA:9,1
DA:10,1
LF:4
LH:4
BRF:0
BRH:0
end_of_record
TN:
SF:src\utils\response.ts
FN:3,(anonymous_0)
FN:7,(anonymous_1)
FNF:2
FNH:2
FNDA:18,(anonymous_0)
FNDA:21,(anonymous_1)
DA:3,3
DA:4,18
DA:7,3
DA:8,21
LF:4
LH:4
BRDA:3,0,0,9
BRDA:7,1,0,19
BRF:2
BRH:2
end_of_record
